2024-08-12T00:03:17.349-05:00  INFO [user-details-api,,] 57744 --- [user-details-api] [DiscoveryClient-HeartbeatExecutor-0] [                                                 ] com.netflix.discovery.DiscoveryClient    : DiscoveryClient_USER-DETAILS-API/bhargavis-mbp.attlocal.net:user-details-api:9090 - Re-registering apps/USER-DETAILS-API
2024-08-12T00:03:17.424-05:00  INFO [user-details-api,,] 57744 --- [user-details-api] [DiscoveryClient-HeartbeatExecutor-0] [                                                 ] com.netflix.discovery.DiscoveryClient    : DiscoveryClient_USER-DETAILS-API/bhargavis-mbp.attlocal.net:user-details-api:9090: registering service...
2024-08-12T00:03:17.437-05:00  INFO [user-details-api,,] 57744 --- [user-details-api] [DiscoveryClient-HeartbeatExecutor-0] [                                                 ] com.netflix.discovery.DiscoveryClient    : DiscoveryClient_USER-DETAILS-API/bhargavis-mbp.attlocal.net:user-details-api:9090 - registration status: 204
2024-08-12T00:37:08.330-05:00  WARN [user-details-api,,] 57744 --- [user-details-api] [HikariPool-1 housekeeper] [                                                 ] com.zaxxer.hikari.pool.HikariPool        : HikariPool-1 - Thread starvation or clock leap detected (housekeeper delta=1h11m46s707ms).
2024-08-12T02:07:32.854-05:00  WARN [user-details-api,,] 57744 --- [user-details-api] [HikariPool-1 housekeeper] [                                                 ] com.zaxxer.hikari.pool.HikariPool        : HikariPool-1 - Thread starvation or clock leap detected (housekeeper delta=1h30m24s529ms).
2024-08-12T02:24:03.572-05:00  INFO [user-details-api,,] 57744 --- [user-details-api] [AsyncResolver-bootstrap-executor-0] [                                                 ] c.n.d.s.r.aws.ConfigClusterResolver      : Resolving eureka endpoints via configuration
2024-08-12T03:30:53.850-05:00  WARN [user-details-api,,] 57744 --- [user-details-api] [HikariPool-1 housekeeper] [                                                 ] com.zaxxer.hikari.pool.HikariPool        : HikariPool-1 - Thread starvation or clock leap detected (housekeeper delta=1h23m20s994ms).
2024-08-12T05:09:25.008-05:00  WARN [user-details-api,,] 57744 --- [user-details-api] [HikariPool-1 housekeeper] [                                                 ] com.zaxxer.hikari.pool.HikariPool        : HikariPool-1 - Thread starvation or clock leap detected (housekeeper delta=1h38m31s154ms).
2024-08-12T06:15:19.063-05:00  WARN [user-details-api,,] 57744 --- [user-details-api] [HikariPool-1 housekeeper] [                                                 ] com.zaxxer.hikari.pool.HikariPool        : HikariPool-1 - Thread starvation or clock leap detected (housekeeper delta=1h5m54s46ms).
2024-08-12T07:32:13.751-05:00  WARN [user-details-api,,] 57744 --- [user-details-api] [HikariPool-1 housekeeper] [                                                 ] com.zaxxer.hikari.pool.HikariPool        : HikariPool-1 - Thread starvation or clock leap detected (housekeeper delta=1h16m54s698ms).
2024-08-12T08:14:29.597-05:00  WARN [user-details-api,,] 57744 --- [user-details-api] [HikariPool-1 housekeeper] [                                                 ] com.zaxxer.hikari.pool.HikariPool        : HikariPool-1 - Thread starvation or clock leap detected (housekeeper delta=42m15s848ms).
2024-08-12T09:30:20.803-05:00  WARN [user-details-api,,] 57744 --- [user-details-api] [HikariPool-1 housekeeper] [                                                 ] com.zaxxer.hikari.pool.HikariPool        : HikariPool-1 - Thread starvation or clock leap detected (housekeeper delta=1h15m51s204ms).
2024-08-12T10:18:43.782-05:00  WARN [user-details-api,,] 57744 --- [user-details-api] [HikariPool-1 housekeeper] [                                                 ] com.zaxxer.hikari.pool.HikariPool        : HikariPool-1 - Thread starvation or clock leap detected (housekeeper delta=48m22s971ms).
2024-08-12T11:01:27.089-05:00  WARN [user-details-api,,] 57744 --- [user-details-api] [HikariPool-1 housekeeper] [                                                 ] com.zaxxer.hikari.pool.HikariPool        : HikariPool-1 - Thread starvation or clock leap detected (housekeeper delta=42m43s317ms).
2024-08-12T11:18:49.035-05:00  INFO [user-details-api,,] 57744 --- [user-details-api] [DiscoveryClient-HeartbeatExecutor-0] [                                                 ] com.netflix.discovery.DiscoveryClient    : DiscoveryClient_USER-DETAILS-API/bhargavis-mbp.attlocal.net:user-details-api:9090 - Re-registering apps/USER-DETAILS-API
2024-08-12T11:18:49.036-05:00  INFO [user-details-api,,] 57744 --- [user-details-api] [DiscoveryClient-HeartbeatExecutor-0] [                                                 ] com.netflix.discovery.DiscoveryClient    : DiscoveryClient_USER-DETAILS-API/bhargavis-mbp.attlocal.net:user-details-api:9090: registering service...
2024-08-12T11:18:49.060-05:00  INFO [user-details-api,,] 57744 --- [user-details-api] [DiscoveryClient-HeartbeatExecutor-0] [                                                 ] com.netflix.discovery.DiscoveryClient    : DiscoveryClient_USER-DETAILS-API/bhargavis-mbp.attlocal.net:user-details-api:9090 - registration status: 204
2024-08-12T11:35:23.219-05:00  WARN [user-details-api,,] 57744 --- [user-details-api] [HikariPool-1 housekeeper] [                                                 ] com.zaxxer.hikari.pool.HikariPool        : HikariPool-1 - Thread starvation or clock leap detected (housekeeper delta=33m56s131ms).
2024-08-12T12:23:35.524-05:00  WARN [user-details-api,,] 57744 --- [user-details-api] [HikariPool-1 housekeeper] [                                                 ] com.zaxxer.hikari.pool.HikariPool        : HikariPool-1 - Thread starvation or clock leap detected (housekeeper delta=48m12s308ms).
2024-08-12T12:41:14.966-05:00  INFO [user-details-api,,] 57744 --- [user-details-api] [AsyncResolver-bootstrap-executor-0] [                                                 ] c.n.d.s.r.aws.ConfigClusterResolver      : Resolving eureka endpoints via configuration
2024-08-12T13:05:08.546-05:00  WARN [user-details-api,,] 57744 --- [user-details-api] [HikariPool-1 housekeeper] [                                                 ] com.zaxxer.hikari.pool.HikariPool        : HikariPool-1 - Thread starvation or clock leap detected (housekeeper delta=41m33s20ms).
2024-08-12T14:01:00.062-05:00  WARN [user-details-api,,] 57744 --- [user-details-api] [HikariPool-1 housekeeper] [                                                 ] com.zaxxer.hikari.pool.HikariPool        : HikariPool-1 - Thread starvation or clock leap detected (housekeeper delta=55m51s516ms).
2024-08-12T14:01:17.531-05:00  INFO [user-details-api,,] 57744 --- [user-details-api] [DiscoveryClient-HeartbeatExecutor-0] [                                                 ] com.netflix.discovery.DiscoveryClient    : DiscoveryClient_USER-DETAILS-API/bhargavis-mbp.attlocal.net:user-details-api:9090 - Re-registering apps/USER-DETAILS-API
2024-08-12T14:01:17.539-05:00  INFO [user-details-api,,] 57744 --- [user-details-api] [DiscoveryClient-HeartbeatExecutor-0] [                                                 ] com.netflix.discovery.DiscoveryClient    : DiscoveryClient_USER-DETAILS-API/bhargavis-mbp.attlocal.net:user-details-api:9090: registering service...
2024-08-12T14:01:17.553-05:00  INFO [user-details-api,,] 57744 --- [user-details-api] [DiscoveryClient-HeartbeatExecutor-0] [                                                 ] com.netflix.discovery.DiscoveryClient    : DiscoveryClient_USER-DETAILS-API/bhargavis-mbp.attlocal.net:user-details-api:9090 - registration status: 204
2024-08-12T14:06:10.963-05:00  WARN [user-details-api,,] 57744 --- [user-details-api] [HikariPool-1 housekeeper] [                                                 ] com.zaxxer.hikari.pool.HikariPool        : HikariPool-1 - Thread starvation or clock leap detected (housekeeper delta=5m10s899ms).
2024-08-12T14:46:16.959-05:00  WARN [user-details-api,,] 57744 --- [user-details-api] [HikariPool-1 housekeeper] [                                                 ] com.zaxxer.hikari.pool.HikariPool        : HikariPool-1 - Thread starvation or clock leap detected (housekeeper delta=40m5s997ms).
2024-08-12T15:57:12.096-05:00  WARN [user-details-api,,] 57744 --- [user-details-api] [HikariPool-1 housekeeper] [                                                 ] com.zaxxer.hikari.pool.HikariPool        : HikariPool-1 - Thread starvation or clock leap detected (housekeeper delta=1h10m55s135ms).
2024-08-12T16:39:18.635-05:00  WARN [user-details-api,,] 57744 --- [user-details-api] [HikariPool-1 housekeeper] [                                                 ] com.zaxxer.hikari.pool.HikariPool        : HikariPool-1 - Thread starvation or clock leap detected (housekeeper delta=42m6s409ms).
2024-08-12T16:41:23.268-05:00  INFO [user-details-api,,] 57744 --- [user-details-api] [AsyncResolver-bootstrap-executor-0] [                                                 ] c.n.d.s.r.aws.ConfigClusterResolver      : Resolving eureka endpoints via configuration
2024-08-12T16:46:23.301-05:00  INFO [user-details-api,,] 57744 --- [user-details-api] [AsyncResolver-bootstrap-executor-0] [                                                 ] c.n.d.s.r.aws.ConfigClusterResolver      : Resolving eureka endpoints via configuration
2024-08-12T16:51:23.323-05:00  INFO [user-details-api,,] 57744 --- [user-details-api] [AsyncResolver-bootstrap-executor-0] [                                                 ] c.n.d.s.r.aws.ConfigClusterResolver      : Resolving eureka endpoints via configuration
2024-08-12T17:12:03.803-05:00  WARN [user-details-api,,] 57744 --- [user-details-api] [HikariPool-1 housekeeper] [                                                 ] com.zaxxer.hikari.pool.HikariPool        : HikariPool-1 - Thread starvation or clock leap detected (housekeeper delta=19m44s878ms).
2024-08-12T18:14:17.228-05:00  WARN [user-details-api,,] 57744 --- [user-details-api] [HikariPool-1 housekeeper] [                                                 ] com.zaxxer.hikari.pool.HikariPool        : HikariPool-1 - Thread starvation or clock leap detected (housekeeper delta=1h2m13s398ms).
2024-08-12T18:47:42.777-05:00  WARN [user-details-api,,] 57744 --- [user-details-api] [HikariPool-1 housekeeper] [                                                 ] com.zaxxer.hikari.pool.HikariPool        : HikariPool-1 - Thread starvation or clock leap detected (housekeeper delta=33m25s576ms).
2024-08-12T19:32:39.540-05:00  WARN [user-details-api,,] 57744 --- [user-details-api] [HikariPool-1 housekeeper] [                                                 ] com.zaxxer.hikari.pool.HikariPool        : HikariPool-1 - Thread starvation or clock leap detected (housekeeper delta=44m56s768ms).
2024-08-12T19:46:42.789-05:00  WARN [user-details-api,,] 57744 --- [user-details-api] [HikariPool-1 housekeeper] [                                                 ] com.zaxxer.hikari.pool.HikariPool        : HikariPool-1 - Thread starvation or clock leap detected (housekeeper delta=14m3s250ms).
2024-08-12T19:48:16.823-05:00  INFO [user-details-api,,] 57744 --- [user-details-api] [AsyncResolver-bootstrap-executor-0] [                                                 ] c.n.d.s.r.aws.ConfigClusterResolver      : Resolving eureka endpoints via configuration
2024-08-12T19:53:16.829-05:00  INFO [user-details-api,,] 57744 --- [user-details-api] [AsyncResolver-bootstrap-executor-0] [                                                 ] c.n.d.s.r.aws.ConfigClusterResolver      : Resolving eureka endpoints via configuration
2024-08-12T19:58:16.840-05:00  INFO [user-details-api,,] 57744 --- [user-details-api] [AsyncResolver-bootstrap-executor-0] [                                                 ] c.n.d.s.r.aws.ConfigClusterResolver      : Resolving eureka endpoints via configuration
2024-08-12T20:03:16.854-05:00  INFO [user-details-api,,] 57744 --- [user-details-api] [AsyncResolver-bootstrap-executor-0] [                                                 ] c.n.d.s.r.aws.ConfigClusterResolver      : Resolving eureka endpoints via configuration
2024-08-12T20:08:16.867-05:00  INFO [user-details-api,,] 57744 --- [user-details-api] [AsyncResolver-bootstrap-executor-0] [                                                 ] c.n.d.s.r.aws.ConfigClusterResolver      : Resolving eureka endpoints via configuration
2024-08-12T20:13:16.877-05:00  INFO [user-details-api,,] 57744 --- [user-details-api] [AsyncResolver-bootstrap-executor-0] [                                                 ] c.n.d.s.r.aws.ConfigClusterResolver      : Resolving eureka endpoints via configuration
2024-08-12T20:18:16.889-05:00  INFO [user-details-api,,] 57744 --- [user-details-api] [AsyncResolver-bootstrap-executor-0] [                                                 ] c.n.d.s.r.aws.ConfigClusterResolver      : Resolving eureka endpoints via configuration
2024-08-12T20:23:16.920-05:00  INFO [user-details-api,,] 57744 --- [user-details-api] [AsyncResolver-bootstrap-executor-0] [                                                 ] c.n.d.s.r.aws.ConfigClusterResolver      : Resolving eureka endpoints via configuration
2024-08-12T20:28:16.931-05:00  INFO [user-details-api,,] 57744 --- [user-details-api] [AsyncResolver-bootstrap-executor-0] [                                                 ] c.n.d.s.r.aws.ConfigClusterResolver      : Resolving eureka endpoints via configuration
2024-08-12T20:33:16.941-05:00  INFO [user-details-api,,] 57744 --- [user-details-api] [AsyncResolver-bootstrap-executor-0] [                                                 ] c.n.d.s.r.aws.ConfigClusterResolver      : Resolving eureka endpoints via configuration
2024-08-12T20:38:17.020-05:00  INFO [user-details-api,,] 57744 --- [user-details-api] [AsyncResolver-bootstrap-executor-0] [                                                 ] c.n.d.s.r.aws.ConfigClusterResolver      : Resolving eureka endpoints via configuration
2024-08-12T20:43:17.056-05:00  INFO [user-details-api,,] 57744 --- [user-details-api] [AsyncResolver-bootstrap-executor-0] [                                                 ] c.n.d.s.r.aws.ConfigClusterResolver      : Resolving eureka endpoints via configuration
2024-08-12T20:48:17.115-05:00  INFO [user-details-api,,] 57744 --- [user-details-api] [AsyncResolver-bootstrap-executor-0] [                                                 ] c.n.d.s.r.aws.ConfigClusterResolver      : Resolving eureka endpoints via configuration
